
2020-11-05 08:33:05...installerHook: Info: custom/install/install_hooks.php not present, no custom hooks to execute
2020-11-05 08:33:13...Begin System Check Process *************
2020-11-05 08:33:13...XML Parsing Support Found
2020-11-05 08:33:13...JSON Parsing Support Found
2020-11-05 08:33:13...MBString Support Found
2020-11-05 08:33:13...ZIP Support Found
2020-11-05 08:33:13.../custom directory and subdirectory check passed
2020-11-05 08:33:13...cache directory and subdirectory check passed
2020-11-05 08:33:19.../module  directory and subdirectory check passed
2020-11-05 08:33:19.../upload directory check passed
2020-11-05 08:33:19.../zip check passed
2020-11-05 08:33:19...PCRE version check passed
2020-11-05 08:33:19...installerHook: Info: custom/install/install_hooks.php not present, no custom hooks to execute
2020-11-05 08:33:19...php.ini location found. C:\xampp\php\php.ini
2020-11-05 08:33:19...Outputting HTML for System check
2020-11-05 08:33:19...No Errors were found *************
2020-11-05 08:33:35...installerHook: Info: custom/install/install_hooks.php not present, no custom hooks to execute
2020-11-05 08:33:45...installerHook: Info: custom/install/install_hooks.php not present, no custom hooks to execute
2020-11-05 08:35:18...Begin DB Check Process *************
2020-11-05 08:35:18...testing with mysql:mysqli
2020-11-05 08:35:18...Basic form info is valid, continuing Process.
2020-11-05 08:35:18...ERROR:: Provide a database administrator user name. The user is required for the initial connection to the database.
2020-11-05 08:35:18...FATAL:: errors have been detected!  User will not be allowed to continue.  Errors are as follow:
2020-11-05 08:35:18..... Provide a database administrator user name. The user is required for the initial connection to the database.
2020-11-05 08:35:18...End DB Check Process *************
2020-11-05 08:35:37...Begin DB Check Process *************
2020-11-05 08:35:37...testing with mysql:mysqli
2020-11-05 08:35:37...Basic form info is valid, continuing Process.
2020-11-05 08:35:37...Testing user account...
2020-11-05 08:35:38...Connection made using  host: localhost, usr: root
2020-11-05 08:35:38...SUCCESS:: no errors detected!
2020-11-05 08:35:38...End DB Check Process *************
2020-11-05 08:35:38...installerHook: Info: custom/install/install_hooks.php not present, no custom hooks to execute
2020-11-05 08:35:38...calling handleSugarConfig()
2020-11-05 08:35:38...calling handleHtaccess()
2020-11-05 08:35:38...calling handleDbCreateDatabase()
2020-11-05 08:35:44...looping through all the Beans and create their tables
2020-11-05 08:35:44...processing table acl_actions
2020-11-05 08:35:45...creating table acl_actions
2020-11-05 08:35:45...creating Relationship Meta for ACLAction
2020-11-05 08:35:45...processing table acl_roles
2020-11-05 08:35:45...creating table acl_roles
2020-11-05 08:35:45...creating Relationship Meta for ACLRole
2020-11-05 08:35:45...processing table relationships
2020-11-05 08:35:46...creating table relationships
2020-11-05 08:35:46...creating Relationship Meta for Relationship
2020-11-05 08:35:47...processing table leads
2020-11-05 08:35:53...creating table leads
2020-11-05 08:35:53...creating Relationship Meta for Lead
2020-11-05 08:35:54...processing table cases
2020-11-05 08:35:55...creating table cases
2020-11-05 08:35:55...creating Relationship Meta for Case
2020-11-05 08:35:56...processing table bugs
2020-11-05 08:35:57...creating table bugs
2020-11-05 08:35:57...creating Relationship Meta for Bug
2020-11-05 08:35:59...processing table users
2020-11-05 08:35:59...creating table users
2020-11-05 08:36:00...creating Relationship Meta for User
2020-11-05 08:36:00...processing table campaign_log
2020-11-05 08:36:00...creating table campaign_log
2020-11-05 08:36:00...creating Relationship Meta for CampaignLog
2020-11-05 08:36:01...processing table project
2020-11-05 08:36:01...creating table project
2020-11-05 08:36:01...creating Relationship Meta for Project
2020-11-05 08:36:02...processing table project_task
2020-11-05 08:36:03...creating table project_task
2020-11-05 08:36:03...creating Relationship Meta for ProjectTask
2020-11-05 08:36:04...processing table campaigns
2020-11-05 08:36:05...creating table campaigns
2020-11-05 08:36:05...creating Relationship Meta for Campaign
2020-11-05 08:36:06...processing table prospect_lists
2020-11-05 08:36:07...creating table prospect_lists
2020-11-05 08:36:07...creating Relationship Meta for ProspectList
2020-11-05 08:36:07...processing table prospects
2020-11-05 08:36:08...creating table prospects
2020-11-05 08:36:08...creating Relationship Meta for Prospect
2020-11-05 08:36:09...processing table email_marketing
2020-11-05 08:36:10...creating table email_marketing
2020-11-05 08:36:10...creating Relationship Meta for EmailMarketing
2020-11-05 08:36:10...processing table campaign_trkrs
2020-11-05 08:36:11...creating table campaign_trkrs
2020-11-05 08:36:11...creating Relationship Meta for CampaignTracker
2020-11-05 08:36:11...processing table releases
2020-11-05 08:36:11...creating table releases
2020-11-05 08:36:11...creating Relationship Meta for Release
2020-11-05 08:36:11...processing table emailman
2020-11-05 08:36:12...creating table emailman
2020-11-05 08:36:12...creating Relationship Meta for EmailMan
2020-11-05 08:36:12...processing table schedulers
2020-11-05 08:36:12...creating table schedulers
2020-11-05 08:36:12...creating Relationship Meta for Scheduler
2020-11-05 08:36:12...processing table job_queue
2020-11-05 08:36:13...creating table job_queue
2020-11-05 08:36:13...creating Relationship Meta for SchedulersJob
2020-11-05 08:36:13...processing table contacts
2020-11-05 08:36:15...creating table contacts
2020-11-05 08:36:15...creating Relationship Meta for Contact
2020-11-05 08:36:16...processing table accounts
2020-11-05 08:36:17...creating table accounts
2020-11-05 08:36:18...creating Relationship Meta for Account
2020-11-05 08:36:18...processing table opportunities
2020-11-05 08:36:20...creating table opportunities
2020-11-05 08:36:20...creating Relationship Meta for Opportunity
2020-11-05 08:36:22...processing table email_templates
2020-11-05 08:36:22...creating table email_templates
2020-11-05 08:36:22...creating Relationship Meta for EmailTemplate
2020-11-05 08:36:23...processing table notes
2020-11-05 08:36:24...creating table notes
2020-11-05 08:36:24...creating Relationship Meta for Note
2020-11-05 08:36:25...processing table calls
2020-11-05 08:36:26...creating table calls
2020-11-05 08:36:26...creating Relationship Meta for Call
2020-11-05 08:36:26...processing table emails
2020-11-05 08:36:27...creating table emails
2020-11-05 08:36:27...creating Relationship Meta for Email
2020-11-05 08:36:28...processing table meetings
2020-11-05 08:36:28...creating table meetings
2020-11-05 08:36:28...creating Relationship Meta for Meeting
2020-11-05 08:36:29...processing table tasks
2020-11-05 08:36:30...creating table tasks
2020-11-05 08:36:30...creating Relationship Meta for Task
2020-11-05 08:36:30...processing table users
2020-11-05 08:36:30...processing table users
2020-11-05 08:36:30...processing table currencies
2020-11-05 08:36:31...creating table currencies
2020-11-05 08:36:31...creating Relationship Meta for Currency
2020-11-05 08:36:31...processing table tracker
2020-11-05 08:36:31...creating table tracker
2020-11-05 08:36:31...creating Relationship Meta for Tracker
2020-11-05 08:36:31...processing table import_maps
2020-11-05 08:36:32...creating table import_maps
2020-11-05 08:36:32...creating Relationship Meta for ImportMap
2020-11-05 08:36:32...processing table users_last_import
2020-11-05 08:36:33...creating table users_last_import
2020-11-05 08:36:33...creating Relationship Meta for UsersLastImport
2020-11-05 08:36:33...processing table config
2020-11-05 08:36:33...creating table config
2020-11-05 08:36:33...creating Relationship Meta for Administration
2020-11-05 08:36:33...processing table upgrade_history
2020-11-05 08:36:34...creating table upgrade_history
2020-11-05 08:36:34...creating Relationship Meta for UpgradeHistory
2020-11-05 08:36:34...processing table vcals
2020-11-05 08:36:35...creating table vcals
2020-11-05 08:36:35...creating Relationship Meta for vCal
2020-11-05 08:36:35...processing table alerts
2020-11-05 08:36:36...creating table alerts
2020-11-05 08:36:36...creating Relationship Meta for Alert
2020-11-05 08:36:36...processing table roles
2020-11-05 08:36:37...creating table roles
2020-11-05 08:36:37...creating Relationship Meta for Role
2020-11-05 08:36:37...processing table documents
2020-11-05 08:36:38...creating table documents
2020-11-05 08:36:38...creating Relationship Meta for Document
2020-11-05 08:36:38...processing table document_revisions
2020-11-05 08:36:38...creating table document_revisions
2020-11-05 08:36:38...creating Relationship Meta for DocumentRevision
2020-11-05 08:36:39...processing table fields_meta_data
2020-11-05 08:36:39...creating table fields_meta_data
2020-11-05 08:36:39...creating Relationship Meta for FieldsMetaData
2020-11-05 08:36:39...processing table 
2020-11-05 08:36:40...processing table inbound_email
2020-11-05 08:36:40...creating table inbound_email
2020-11-05 08:36:40...creating Relationship Meta for InboundEmail
2020-11-05 08:36:40...processing table saved_search
2020-11-05 08:36:41...creating table saved_search
2020-11-05 08:36:41...creating Relationship Meta for SavedSearch
2020-11-05 08:36:41...processing table user_preferences
2020-11-05 08:36:41...creating table user_preferences
2020-11-05 08:36:41...creating Relationship Meta for UserPreference
2020-11-05 08:36:42...processing table 
2020-11-05 08:36:42...processing table email_addresses
2020-11-05 08:36:42...creating table email_addresses
2020-11-05 08:36:42...creating Relationship Meta for EmailAddress
2020-11-05 08:36:43...processing table emails_text
2020-11-05 08:36:43...creating table emails_text
2020-11-05 08:36:43...creating Relationship Meta for EmailText
2020-11-05 08:36:43...processing table spots
2020-11-05 08:36:44...creating table spots
2020-11-05 08:36:44...creating Relationship Meta for Spots
2020-11-05 08:36:44...processing table aobh_businesshours
2020-11-05 08:36:44...creating table aobh_businesshours
2020-11-05 08:36:44...creating Relationship Meta for AOBH_BusinessHours
2020-11-05 08:36:45...processing table sugarfeed
2020-11-05 08:36:45...creating table sugarfeed
2020-11-05 08:36:45...creating Relationship Meta for SugarFeed
2020-11-05 08:36:46...processing table eapm
2020-11-05 08:36:46...creating table eapm
2020-11-05 08:36:46...creating Relationship Meta for EAPM
2020-11-05 08:36:47...processing table oauth_consumer
2020-11-05 08:36:47...creating table oauth_consumer
2020-11-05 08:36:47...creating Relationship Meta for OAuthKey
2020-11-05 08:36:48...processing table oauth_tokens
2020-11-05 08:36:48...creating table oauth_tokens
2020-11-05 08:36:48...creating Relationship Meta for OAuthToken
2020-11-05 08:36:48...processing table am_projecttemplates
2020-11-05 08:36:49...creating table am_projecttemplates
2020-11-05 08:36:50...creating Relationship Meta for AM_ProjectTemplates
2020-11-05 08:36:50...processing table am_tasktemplates
2020-11-05 08:36:51...creating table am_tasktemplates
2020-11-05 08:36:51...creating Relationship Meta for AM_TaskTemplates
2020-11-05 08:36:51...processing table favorites
2020-11-05 08:36:52...creating table favorites
2020-11-05 08:36:52...creating Relationship Meta for Favorites
2020-11-05 08:36:52...processing table aok_knowledge_base_categories
2020-11-05 08:36:54...creating table aok_knowledge_base_categories
2020-11-05 08:36:54...creating Relationship Meta for AOK_Knowledge_Base_Categories
2020-11-05 08:36:54...processing table aok_knowledgebase
2020-11-05 08:36:55...creating table aok_knowledgebase
2020-11-05 08:36:55...creating Relationship Meta for AOK_KnowledgeBase
2020-11-05 08:36:56...processing table reminders
2020-11-05 08:36:57...creating table reminders
2020-11-05 08:36:57...creating Relationship Meta for Reminder
2020-11-05 08:36:57...processing table reminders_invitees
2020-11-05 08:36:58...creating table reminders_invitees
2020-11-05 08:36:58...creating Relationship Meta for Reminder_Invitee
2020-11-05 08:36:58...processing table fp_events
2020-11-05 08:36:59...creating table fp_events
2020-11-05 08:36:59...creating Relationship Meta for FP_events
2020-11-05 08:37:00...processing table fp_event_locations
2020-11-05 08:37:01...creating table fp_event_locations
2020-11-05 08:37:01...creating Relationship Meta for FP_Event_Locations
2020-11-05 08:37:02...processing table aod_indexevent
2020-11-05 08:37:03...creating table aod_indexevent
2020-11-05 08:37:03...creating Relationship Meta for AOD_IndexEvent
2020-11-05 08:37:04...processing table aod_index
2020-11-05 08:37:05...creating table aod_index
2020-11-05 08:37:05...creating Relationship Meta for AOD_Index
2020-11-05 08:37:05...processing table aop_case_events
2020-11-05 08:37:06...creating table aop_case_events
2020-11-05 08:37:06...creating Relationship Meta for AOP_Case_Events
2020-11-05 08:37:07...processing table aop_case_updates
2020-11-05 08:37:08...creating table aop_case_updates
2020-11-05 08:37:08...creating Relationship Meta for AOP_Case_Updates
2020-11-05 08:37:09...processing table aor_reports
2020-11-05 08:37:10...creating table aor_reports
2020-11-05 08:37:10...creating Relationship Meta for AOR_Report
2020-11-05 08:37:10...processing table aor_fields
2020-11-05 08:37:11...creating table aor_fields
2020-11-05 08:37:11...creating Relationship Meta for AOR_Field
2020-11-05 08:37:11...processing table aor_charts
2020-11-05 08:37:12...creating table aor_charts
2020-11-05 08:37:12...creating Relationship Meta for AOR_Chart
2020-11-05 08:37:12...processing table aor_conditions
2020-11-05 08:37:13...creating table aor_conditions
2020-11-05 08:37:13...creating Relationship Meta for AOR_Condition
2020-11-05 08:37:13...processing table aor_scheduled_reports
2020-11-05 08:37:14...creating table aor_scheduled_reports
2020-11-05 08:37:14...creating Relationship Meta for AOR_Scheduled_Reports
2020-11-05 08:37:14...processing table aos_contracts
2020-11-05 08:37:15...creating table aos_contracts
2020-11-05 08:37:15...creating Relationship Meta for AOS_Contracts
2020-11-05 08:37:16...processing table aos_invoices
2020-11-05 08:37:18...creating table aos_invoices
2020-11-05 08:37:18...creating Relationship Meta for AOS_Invoices
2020-11-05 08:37:18...processing table aos_pdf_templates
2020-11-05 08:37:20...creating table aos_pdf_templates
2020-11-05 08:37:20...creating Relationship Meta for AOS_PDF_Templates
2020-11-05 08:37:21...processing table aos_product_categories
2020-11-05 08:37:22...creating table aos_product_categories
2020-11-05 08:37:22...creating Relationship Meta for AOS_Product_Categories
2020-11-05 08:37:22...processing table aos_products
2020-11-05 08:37:24...creating table aos_products
2020-11-05 08:37:24...creating Relationship Meta for AOS_Products
2020-11-05 08:37:24...processing table aos_products_quotes
2020-11-05 08:37:25...creating table aos_products_quotes
2020-11-05 08:37:25...creating Relationship Meta for AOS_Products_Quotes
2020-11-05 08:37:25...processing table aos_line_item_groups
2020-11-05 08:37:27...creating table aos_line_item_groups
2020-11-05 08:37:27...creating Relationship Meta for AOS_Line_Item_Groups
2020-11-05 08:37:27...processing table aos_quotes
2020-11-05 08:37:30...creating table aos_quotes
2020-11-05 08:37:30...creating Relationship Meta for AOS_Quotes
2020-11-05 08:37:30...processing table aow_actions
2020-11-05 08:37:31...creating table aow_actions
2020-11-05 08:37:31...creating Relationship Meta for AOW_Action
2020-11-05 08:37:31...processing table aow_workflow
2020-11-05 08:37:34...creating table aow_workflow
2020-11-05 08:37:34...creating Relationship Meta for AOW_WorkFlow
2020-11-05 08:37:34...processing table aow_processed
2020-11-05 08:37:35...creating table aow_processed
2020-11-05 08:37:35...creating Relationship Meta for AOW_Processed
2020-11-05 08:37:36...processing table aow_conditions
2020-11-05 08:37:36...creating table aow_conditions
2020-11-05 08:37:36...creating Relationship Meta for AOW_Condition
2020-11-05 08:37:37...processing table jjwg_maps
2020-11-05 08:37:38...creating table jjwg_maps
2020-11-05 08:37:38...creating Relationship Meta for jjwg_Maps
2020-11-05 08:37:39...processing table jjwg_markers
2020-11-05 08:37:40...creating table jjwg_markers
2020-11-05 08:37:40...creating Relationship Meta for jjwg_Markers
2020-11-05 08:37:41...processing table jjwg_areas
2020-11-05 08:37:43...creating table jjwg_areas
2020-11-05 08:37:43...creating Relationship Meta for jjwg_Areas
2020-11-05 08:37:43...processing table jjwg_address_cache
2020-11-05 08:37:45...creating table jjwg_address_cache
2020-11-05 08:37:45...creating Relationship Meta for jjwg_Address_Cache
2020-11-05 08:37:45...processing table calls_reschedule
2020-11-05 08:37:47...creating table calls_reschedule
2020-11-05 08:37:47...creating Relationship Meta for Calls_Reschedule
2020-11-05 08:37:47...processing table securitygroups
2020-11-05 08:37:48...creating table securitygroups
2020-11-05 08:37:48...creating Relationship Meta for SecurityGroup
2020-11-05 08:37:49...processing table outbound_email
2020-11-05 08:37:50...creating table outbound_email
2020-11-05 08:37:50...creating Relationship Meta for OutboundEmailAccounts
2020-11-05 08:37:51...processing table templatesectionline
2020-11-05 08:37:51...creating table templatesectionline
2020-11-05 08:37:51...creating Relationship Meta for TemplateSectionLine
2020-11-05 08:37:52...processing table oauth2tokens
2020-11-05 08:37:52...creating table oauth2tokens
2020-11-05 08:37:52...creating Relationship Meta for OAuth2Tokens
2020-11-05 08:37:53...processing table oauth2clients
2020-11-05 08:37:53...creating table oauth2clients
2020-11-05 08:37:53...creating Relationship Meta for OAuth2Clients
2020-11-05 08:37:54...processing table surveyresponses
2020-11-05 08:37:55...creating table surveyresponses
2020-11-05 08:37:55...creating Relationship Meta for SurveyResponses
2020-11-05 08:37:56...processing table surveys
2020-11-05 08:37:57...creating table surveys
2020-11-05 08:37:57...creating Relationship Meta for Surveys
2020-11-05 08:37:57...processing table surveyquestionresponses
2020-11-05 08:37:59...creating table surveyquestionresponses
2020-11-05 08:37:59...creating Relationship Meta for SurveyQuestionResponses
2020-11-05 08:38:00...processing table surveyquestions
2020-11-05 08:38:02...creating table surveyquestions
2020-11-05 08:38:02...creating Relationship Meta for SurveyQuestions
2020-11-05 08:38:02...processing table surveyquestionoptions
2020-11-05 08:38:04...creating table surveyquestionoptions
2020-11-05 08:38:04...creating Relationship Meta for SurveyQuestionOptions
2020-11-05 08:38:42...Begin creating Defaults
2020-11-05 08:38:42...insert defaults into config table
2020-11-05 08:38:42...Creating default users
2020-11-05 08:38:43...Creating default scheduler jobs
2020-11-05 08:38:44...Enable SugarFeeds
2020-11-05 08:38:46...Installation has completed *********
2020-11-05 08:40:08...populating the db with seed data
2020-11-05 08:40:08...Save configuration settings..
2020-11-05 08:40:08...save locale
2020-11-05 08:40:08...new Administration
2020-11-05 08:40:08...retrieveSettings
2020-11-05 08:40:08...AdminWizard OFF
2020-11-05 08:40:08...saveConfig
2020-11-05 08:40:09...new Configurator
2020-11-05 08:40:09...populateFromPost
2020-11-05 08:40:09...handleOverride
2020-11-05 08:40:09...addCronAllowedUser
2020-11-05 08:40:09...saveConfig
2020-11-05 08:40:09...new Currency
2020-11-05 08:40:09...retrieve
2020-11-05 08:40:09...DBG: save currency
2020-11-05 08:40:09...Save user settings..
2020-11-05 08:40:12...DBG: SugarThemeRegistry::getDefault